<?xml version="1.0" encoding="utf-8"?><testsuites name="pytest tests"><testsuite name="pytest" errors="0" failures="0" skipped="0" tests="26" time="4.095" timestamp="2026-02-06T22:24:51.421107+00:00" hostname="agent-env-77fedab1-3b57-4f6a-9b36-fcff15627f40"><testcase classname="backend.tests.test_green_arcadian.TestHealth" name="test_api_health" time="0.114" /><testcase classname="backend.tests.test_green_arcadian.TestHealth" name="test_api_root" time="0.076" /><testcase classname="backend.tests.test_green_arcadian.TestAuthentication" name="test_admin_login_success" time="0.268" /><testcase classname="backend.tests.test_green_arcadian.TestAuthentication" name="test_login_invalid_credentials" time="0.036" /><testcase classname="backend.tests.test_green_arcadian.TestAuthentication" name="test_customer_registration_pending" time="0.271" /><testcase classname="backend.tests.test_green_arcadian.TestAdminDashboard" name="test_admin_dashboard" time="0.304" /><testcase classname="backend.tests.test_green_arcadian.TestAdminDashboard" name="test_admin_dashboard_unauthorized" time="0.039" /><testcase classname="backend.tests.test_green_arcadian.TestInventory" name="test_get_inventory" time="0.299" /><testcase classname="backend.tests.test_green_arcadian.TestInventory" name="test_create_plant" time="0.039" /><testcase classname="backend.tests.test_green_arcadian.TestInventory" name="test_inventory_filter_by_category" time="0.039" /><testcase classname="backend.tests.test_green_arcadian.TestProjects" name="test_get_projects" time="0.302" /><testcase classname="backend.tests.test_green_arcadian.TestProjects" name="test_create_project" time="0.037" /><testcase classname="backend.tests.test_green_arcadian.TestOrders" name="test_get_orders" time="0.294" /><testcase classname="backend.tests.test_green_arcadian.TestOrders" name="test_create_public_order" time="0.039" /><testcase classname="backend.tests.test_green_arcadian.TestAMC" name="test_get_amc_subscriptions" time="0.294" /><testcase classname="backend.tests.test_green_arcadian.TestAMC" name="test_create_amc" time="0.036" /><testcase classname="backend.tests.test_green_arcadian.TestRFQ" name="test_get_rfqs" time="0.298" /><testcase classname="backend.tests.test_green_arcadian.TestRFQ" name="test_create_rfq_public" time="0.044" /><testcase classname="backend.tests.test_green_arcadian.TestUserManagement" name="test_get_all_users" time="0.303" /><testcase classname="backend.tests.test_green_arcadian.TestUserManagement" name="test_get_pending_users" time="0.036" /><testcase classname="backend.tests.test_green_arcadian.TestPublicEndpoints" name="test_get_public_products" time="0.033" /><testcase classname="backend.tests.test_green_arcadian.TestPublicEndpoints" name="test_create_inquiry" time="0.080" /><testcase classname="backend.tests.test_green_arcadian.TestExports" name="test_get_exports" time="0.300" /><testcase classname="backend.tests.test_green_arcadian.TestExports" name="test_create_export_doc" time="0.046" /><testcase classname="backend.tests.test_green_arcadian.TestProduction" name="test_get_productions" time="0.297" /><testcase classname="backend.tests.test_green_arcadian.TestProduction" name="test_create_production" time="0.042" /></testsuite></testsuites>